<?xml version="1.0" encoding="UTF-8"?>
<!-- Generated by org.testng.reporters.JUnitXMLReporter -->
<testsuite ignored="0" hostname="Helen_X230" failures="0" tests="3" name="SecuriteSearchByChrome" time="84.031" errors="0" timestamp="2021-11-30T16:44:35 CST">
  <testcase classname="Search.SecuritiesSearch" name="login" time="12.287"/>
  <testcase classname="Search.SecuritiesSearch" name="search" time="64.31"/>
  <testcase classname="Search.SecuritiesSearch" name="logout" time="3.678"/>
</testsuite> <!-- SecuriteSearchByChrome -->
